#
# There is insufficient memory for the Java Runtime Environment to continue.
# Native memory allocation (mmap) failed to map 65536 bytes for Failed to commit metaspace.
# Possible reasons:
#   The system is out of physical RAM or swap space
#   The process is running with CompressedOops enabled, and the Java Heap may be blocking the growth of the native heap
# Possible solutions:
#   Reduce memory load on the system
#   Increase physical memory or swap space
#   Check if swap backing store is full
#   Decrease Java heap size (-Xmx/-Xms)
#   Decrease number of Java threads
#   Decrease Java thread stack sizes (-Xss)
#   Set larger code cache with -XX:ReservedCodeCacheSize=
#   JVM is running with Zero Based Compressed Oops mode in which the Java heap is
#     placed in the first 32GB address space. The Java Heap base address is the
#     maximum limit for the native heap growth. Please use -XX:HeapBaseMinAddress
#     to set the Java Heap base and to place the Java Heap above 32GB virtual address.
# This output file may be truncated or incomplete.
#
#  Out of Memory Error (virtualSpaceNode.cpp:110), pid=10292, tid=15508
#
# JRE version: OpenJDK Runtime Environment Temurin-17.0.2+8 (17.0.2+8) (build 17.0.2+8)
# Java VM: OpenJDK 64-Bit Server VM Temurin-17.0.2+8 (17.0.2+8, mixed mode, emulated-client, tiered, compressed oops, compressed class ptrs, g1 gc, windows-amd64)
# No core dump will be written. Minidumps are not enabled by default on client versions of Windows
#

---------------  S U M M A R Y ------------

Command Line: -Dsts.lsp.client=vscode -Dsts.log.file=/dev/null -XX:TieredStopAtLevel=1 -Dspring.config.location=file:c:\Users\Aur\.vscode\extensions\pivotal.vscode-spring-boot-1.32.0\language-server\BOOT-INF\classes\application.properties org.springframework.ide.vscode.boot.app.BootLanguageServerBootApp

Host: Intel(R) Core(TM) i5-1035G1 CPU @ 1.00GHz, 8 cores, 11G,  Windows 11 , 64 bit Build 22000 (10.0.22000.434)
Time: Sun Mar 20 14:28:54 2022 SE Asia Standard Time elapsed time: 32.915102 seconds (0d 0h 0m 32s)

---------------  T H R E A D  ---------------

Current thread (0x0000018fb3684d50):  JavaThread "main" [_thread_in_vm, id=15508, stack(0x00000036aa100000,0x00000036aa200000)]

Stack: [0x00000036aa100000,0x00000036aa200000]
Native frames: (J=compiled Java code, j=interpreted, Vv=VM code, C=native code)
V  [jvm.dll+0x67564a]
V  [jvm.dll+0x82fc04]
V  [jvm.dll+0x8313ae]
V  [jvm.dll+0x831a13]
V  [jvm.dll+0x245235]
V  [jvm.dll+0x82bbab]
V  [jvm.dll+0x61a336]
V  [jvm.dll+0x1c016e]
V  [jvm.dll+0x61cc81]
V  [jvm.dll+0x61acd6]
V  [jvm.dll+0x242c8c]
V  [jvm.dll+0x6cb9ed]
V  [jvm.dll+0x6cc41f]
V  [jvm.dll+0x36f9b3]
V  [jvm.dll+0x7aafff]
V  [jvm.dll+0x7aae6a]
V  [jvm.dll+0x40c994]
V  [jvm.dll+0x42029b]
C  [java.dll+0x1657]

Java frames: (J=compiled Java code, j=interpreted, Vv=VM code)
j  java.lang.ClassLoader.defineClass0(Ljava/lang/ClassLoader;Ljava/lang/Class;Ljava/lang/String;[BIILjava/security/ProtectionDomain;ZILjava/lang/Object;)Ljava/lang/Class;+0 java.base@17.0.2
j  java.lang.System$2.defineClass(Ljava/lang/ClassLoader;Ljava/lang/Class;Ljava/lang/String;[BLjava/security/ProtectionDomain;ZILjava/lang/Object;)Ljava/lang/Class;+17 java.base@17.0.2
j  java.lang.invoke.MethodHandles$Lookup$ClassDefiner.defineClass(ZLjava/lang/Object;)Ljava/lang/Class;+54 java.base@17.0.2
j  java.lang.invoke.MethodHandles$Lookup$ClassDefiner.defineClassAsLookup(Z)Ljava/lang/invoke/MethodHandles$Lookup;+3 java.base@17.0.2
j  java.lang.invoke.MethodHandles$Lookup.defineHiddenClass([BZ[Ljava/lang/invoke/MethodHandles$Lookup$ClassOption;)Ljava/lang/invoke/MethodHandles$Lookup;+65 java.base@17.0.2
j  java.lang.invoke.InnerClassLambdaMetafactory.generateInnerClass()Ljava/lang/Class;+579 java.base@17.0.2
j  java.lang.invoke.InnerClassLambdaMetafactory.spinInnerClass()Ljava/lang/Class;+107 java.base@17.0.2
j  java.lang.invoke.InnerClassLambdaMetafactory.buildCallSite()Ljava/lang/invoke/CallSite;+1 java.base@17.0.2
j  java.lang.invoke.LambdaMetafactory.metafactory(Ljava/lang/invoke/MethodHandles$Lookup;Ljava/lang/String;Ljava/lang/invoke/MethodType;Ljava/lang/invoke/MethodType;Ljava/lang/invoke/MethodHandle;Ljava/lang/invoke/MethodType;)Ljava/lang/invoke/CallSite;+67 java.base@17.0.2
j  java.lang.invoke.LambdaForm$DMH+0x00000008001dcc00.invokeStatic(Ljava/lang/Object;Ljava/lang/Object;Ljava/lang/Object;Ljava/lang/Object;Ljava/lang/Object;Ljava/lang/Object;Ljava/lang/Object;)Ljava/lang/Object;+27 java.base@17.0.2
j  java.lang.invoke.Invokers$Holder.invokeExact_MT(Ljava/lang/Object;Ljava/lang/Object;Ljava/lang/Object;Ljava/lang/Object;Ljava/lang/Object;Ljava/lang/Object;Ljava/lang/Object;Ljava/lang/Object;)Ljava/lang/Object;+28 java.base@17.0.2
j  java.lang.invoke.BootstrapMethodInvoker.invoke(Ljava/lang/Class;Ljava/lang/invoke/MethodHandle;Ljava/lang/String;Ljava/lang/Object;Ljava/lang/Object;Ljava/lang/Class;)Ljava/lang/Object;+319 java.base@17.0.2
j  java.lang.invoke.CallSite.makeSite(Ljava/lang/invoke/MethodHandle;Ljava/lang/String;Ljava/lang/invoke/MethodType;Ljava/lang/Object;Ljava/lang/Class;)Ljava/lang/invoke/CallSite;+8 java.base@17.0.2
j  java.lang.invoke.MethodHandleNatives.linkCallSiteImpl(Ljava/lang/Class;Ljava/lang/invoke/MethodHandle;Ljava/lang/String;Ljava/lang/invoke/MethodType;Ljava/lang/Object;[Ljava/lang/Object;)Ljava/lang/invoke/MemberName;+6 java.base@17.0.2
j  java.lang.invoke.MethodHandleNatives.linkCallSite(Ljava/lang/Object;ILjava/lang/Object;Ljava/lang/Object;Ljava/lang/Object;Ljava/lang/Object;[Ljava/lang/Object;)Ljava/lang/invoke/MemberName;+46 java.base@17.0.2
v  ~StubRoutines::call_stub
j  org.springframework.boot.context.properties.bind.JavaBeanBinder$Bean.addProperties([Ljava/lang/reflect/Method;[Ljava/lang/reflect/Field;)V+56
j  org.springframework.boot.context.properties.bind.JavaBeanBinder$Bean.addProperties(Ljava/lang/Class;)V+26
j  org.springframework.boot.context.properties.bind.JavaBeanBinder$Bean.<init>(Lorg/springframework/core/ResolvableType;Ljava/lang/Class;)V+27
j  org.springframework.boot.context.properties.bind.JavaBeanBinder$Bean.get(Lorg/springframework/boot/context/properties/bind/Bindable;Z)Lorg/springframework/boot/context/properties/bind/JavaBeanBinder$Bean;+94
j  org.springframework.boot.context.properties.bind.JavaBeanBinder.bind(Lorg/springframework/boot/context/properties/source/ConfigurationPropertyName;Lorg/springframework/boot/context/properties/bind/Bindable;Lorg/springframework/boot/context/properties/bind/Binder$Context;Lorg/springframework/boot/context/properties/bind/DataObjectPropertyBinder;)Ljava/lang/Object;+26
j  org.springframework.boot.context.properties.bind.Binder.lambda$bindDataObject$5(Lorg/springframework/boot/context/properties/source/ConfigurationPropertyName;Lorg/springframework/boot/context/properties/bind/Bindable;Lorg/springframework/boot/context/properties/bind/Binder$Context;Lorg/springframework/boot/context/properties/bind/DataObjectPropertyBinder;)Ljava/lang/Object;+40
j  org.springframework.boot.context.properties.bind.Binder$$Lambda$121+0x00000008001d9598.get()Ljava/lang/Object;+20
j  org.springframework.boot.context.properties.bind.Binder$Context.withIncreasedDepth(Ljava/util/function/Supplier;)Ljava/lang/Object;+5
j  org.springframework.boot.context.properties.bind.Binder$Context.withDataObject(Ljava/lang/Class;Ljava/util/function/Supplier;)Ljava/lang/Object;+12
j  org.springframework.boot.context.properties.bind.Binder$Context.access$300(Lorg/springframework/boot/context/properties/bind/Binder$Context;Ljava/lang/Class;Ljava/util/function/Supplier;)Ljava/lang/Object;+3
j  org.springframework.boot.context.properties.bind.Binder.bindDataObject(Lorg/springframework/boot/context/properties/source/ConfigurationPropertyName;Lorg/springframework/boot/context/properties/bind/Bindable;Lorg/springframework/boot/context/properties/bind/BindHandler;Lorg/springframework/boot/context/properties/bind/Binder$Context;Z)Ljava/lang/Object;+69
j  org.springframework.boot.context.properties.bind.Binder.bindObject(Lorg/springframework/boot/context/properties/source/ConfigurationPropertyName;Lorg/springframework/boot/context/properties/bind/Bindable;Lorg/springframework/boot/context/properties/bind/BindHandler;Lorg/springframework/boot/context/properties/bind/Binder$Context;Z)Ljava/lang/Object;+112
j  org.springframework.boot.context.properties.bind.Binder.bind(Lorg/springframework/boot/context/properties/source/ConfigurationPropertyName;Lorg/springframework/boot/context/properties/bind/Bindable;Lorg/springframework/boot/context/properties/bind/BindHandler;Lorg/springframework/boot/context/properties/bind/Binder$Context;ZZ)Ljava/lang/Object;+41
j  org.springframework.boot.context.properties.bind.Binder.bind(Lorg/springframework/boot/context/properties/source/ConfigurationPropertyName;Lorg/springframework/boot/context/properties/bind/Bindable;Lorg/springframework/boot/context/properties/bind/BindHandler;Z)Ljava/lang/Object;+44
j  org.springframework.boot.context.properties.bind.Binder.bind(Lorg/springframework/boot/context/properties/source/ConfigurationPropertyName;Lorg/springframework/boot/context/properties/bind/Bindable;Lorg/springframework/boot/context/properties/bind/BindHandler;)Lorg/springframework/boot/context/properties/bind/BindResult;+5
j  org.springframework.boot.context.properties.bind.Binder.bind(Ljava/lang/String;Lorg/springframework/boot/context/properties/bind/Bindable;)Lorg/springframework/boot/context/properties/bind/BindResult;+7
j  org.springframework.boot.SpringApplication.bindToSpringApplication(Lorg/springframework/core/env/ConfigurableEnvironment;)V+10
j  org.springframework.boot.SpringApplication.prepareEnvironment(Lorg/springframework/boot/SpringApplicationRunListeners;Lorg/springframework/boot/ApplicationArguments;)Lorg/springframework/core/env/ConfigurableEnvironment;+27
j  org.springframework.boot.SpringApplication.run([Ljava/lang/String;)Lorg/springframework/context/ConfigurableApplicationContext;+54
j  org.springframework.boot.SpringApplication.run([Ljava/lang/Class;[Ljava/lang/String;)Lorg/springframework/context/ConfigurableApplicationContext;+9
j  org.springframework.boot.SpringApplication.run(Ljava/lang/Class;[Ljava/lang/String;)Lorg/springframework/context/ConfigurableApplicationContext;+9
j  org.springframework.ide.vscode.boot.app.BootLanguageServerBootApp.main([Ljava/lang/String;)V+19
v  ~StubRoutines::call_stub

---------------  P R O C E S S  ---------------

Threads class SMR info:
_java_thread_list=0x0000018fc3ee86f0, length=13, elements={
0x0000018fb3684d50, 0x0000018fc2eb4aa0, 0x0000018fc2e9a3f0, 0x0000018fc3821ca0,
0x0000018fc3822650, 0x0000018fc3823000, 0x0000018fc38259c0, 0x0000018fc3826420,
0x0000018fc3826e10, 0x0000018fc39a0d20, 0x0000018fc39a8d70, 0x0000018fc40362e0,
0x0000018fc3e23b70
}

Java Threads: ( => current thread )
=>0x0000018fb3684d50 JavaThread "main" [_thread_in_vm, id=15508, stack(0x00000036aa100000,0x00000036aa200000)]
  0x0000018fc2eb4aa0 JavaThread "Reference Handler" daemon [_thread_blocked, id=22724, stack(0x00000036aa800000,0x00000036aa900000)]
  0x0000018fc2e9a3f0 JavaThread "Finalizer" daemon [_thread_blocked, id=28564, stack(0x00000036aa900000,0x00000036aaa00000)]
  0x0000018fc3821ca0 JavaThread "Signal Dispatcher" daemon [_thread_blocked, id=4040, stack(0x00000036aaa00000,0x00000036aab00000)]
  0x0000018fc3822650 JavaThread "Attach Listener" daemon [_thread_blocked, id=22664, stack(0x00000036aab00000,0x00000036aac00000)]
  0x0000018fc3823000 JavaThread "Service Thread" daemon [_thread_blocked, id=18052, stack(0x00000036aac00000,0x00000036aad00000)]
  0x0000018fc38259c0 JavaThread "Monitor Deflation Thread" daemon [_thread_blocked, id=27872, stack(0x00000036aad00000,0x00000036aae00000)]
  0x0000018fc3826420 JavaThread "C1 CompilerThread0" daemon [_thread_blocked, id=8364, stack(0x00000036aae00000,0x00000036aaf00000)]
  0x0000018fc3826e10 JavaThread "Sweeper thread" daemon [_thread_blocked, id=21060, stack(0x00000036aaf00000,0x00000036ab000000)]
  0x0000018fc39a0d20 JavaThread "Notification Thread" daemon [_thread_blocked, id=23432, stack(0x00000036ab200000,0x00000036ab300000)]
  0x0000018fc39a8d70 JavaThread "Common-Cleaner" daemon [_thread_blocked, id=29512, stack(0x00000036ab400000,0x00000036ab500000)]
  0x0000018fc40362e0 JavaThread "C1 CompilerThread1" daemon [_thread_blocked, id=28600, stack(0x00000036ab900000,0x00000036aba00000)]
  0x0000018fc3e23b70 JavaThread "background-preinit" [_thread_in_vm, id=14692, stack(0x00000036aba00000,0x00000036abb00000)]

Other Threads:
  0x0000018fc2e94e80 VMThread "VM Thread" [stack: 0x00000036aa700000,0x00000036aa800000] [id=28144] _threads_hazard_ptr=0x0000018fc3ee86f0
  0x0000018fc39a1600 WatcherThread [stack: 0x00000036ab300000,0x00000036ab400000] [id=20424]
  0x0000018fb36c93f0 GCTaskThread "GC Thread#0" [stack: 0x00000036aa200000,0x00000036aa300000] [id=6648]
  0x0000018fc3f2ec00 GCTaskThread "GC Thread#1" [stack: 0x00000036ab000000,0x00000036ab100000] [id=25768]
  0x0000018fc3f2eeb0 GCTaskThread "GC Thread#2" [stack: 0x00000036ab100000,0x00000036ab200000] [id=29528]
  0x0000018fc3f2f160 GCTaskThread "GC Thread#3" [stack: 0x00000036ab500000,0x00000036ab600000] [id=21424]
  0x0000018fc3bbc6d0 GCTaskThread "GC Thread#4" [stack: 0x00000036ab600000,0x00000036ab700000] [id=8244]
  0x0000018fc3bbc980 GCTaskThread "GC Thread#5" [stack: 0x00000036ab700000,0x00000036ab800000] [id=26388]
  0x0000018fc4017990 GCTaskThread "GC Thread#6" [stack: 0x00000036ab800000,0x00000036ab900000] [id=7360]
  0x0000018fb36d5fc0 ConcurrentGCThread "G1 Main Marker" [stack: 0x00000036aa300000,0x00000036aa400000] [id=26168]
  0x0000018fb36d69d0 ConcurrentGCThread "G1 Conc#0" [stack: 0x00000036aa400000,0x00000036aa500000] [id=18448]
  0x0000018fb3747290 ConcurrentGCThread "G1 Refine#0" [stack: 0x00000036aa500000,0x00000036aa600000] [id=8828]
  0x0000018fb3747cb0 ConcurrentGCThread "G1 Service" [stack: 0x00000036aa600000,0x00000036aa700000] [id=6260]

Threads with active compile tasks:

VM state: synchronizing (normal execution)

VM Mutex/Monitor currently owned by a thread:  ([mutex/lock_event])
[0x0000018fb15455a0] Metaspace_lock - owner thread: 0x0000018fb3684d50
[0x0000018fb1545ea0] Threads_lock - owner thread: 0x0000018fc2e94e80

OutOfMemory and StackOverflow Exception counts:
OutOfMemoryError java_heap_errors=1
LinkageErrors=21

Heap address: 0x0000000743600000, size: 3018 MB, Compressed Oops mode: Zero based, Oop shift amount: 3

CDS archive(s) not mapped
Compressed class space mapped at: 0x0000000800000000-0x0000000840000000, reserved size: 1073741824
Narrow klass base: 0x0000000800000000, Narrow klass shift: 0, Narrow klass range: 0x40000000

GC Precious Log:
 CPUs: 8 total, 8 available
 Memory: 12065M
 Large Page Support: Disabled
 NUMA Support: Disabled
 Compressed Oops: Enabled (Zero based)
 Heap Region Size: 2M
 Heap Min Capacity: 8M
 Heap Initial Capacity: 190M
 Heap Max Capacity: 3018M
 Pre-touch: Disabled
 Parallel Workers: 8
 Concurrent Workers: 2
 Concurrent Refinement Workers: 8
 Periodic GC: Disabled

Heap:
 garbage-first heap   total 194560K, used 15802K [0x0000000743600000, 0x0000000800000000)
  region size 2048K, 8 young (16384K), 2 survivors (4096K)
 Metaspace       used 14384K, committed 14592K, reserved 1064960K
  class space    used 1740K, committed 1856K, reserved 1048576K

Heap Regions: E=young(eden), S=young(survivor), O=old, HS=humongous(starts), HC=humongous(continues), CS=collection set, F=free, OA=open archive, CA=closed archive, TAMS=top-at-mark-start (previous, next)
|   0|0x0000000743600000, 0x000000074376e800, 0x0000000743800000| 71%| O|  |TAMS 0x0000000743600000, 0x0000000743600000| Untracked 
|   1|0x0000000743800000, 0x0000000743800000, 0x0000000743a00000|  0%| F|  |TAMS 0x0000000743800000, 0x0000000743800000| Untracked 
|   2|0x0000000743a00000, 0x0000000743a00000, 0x0000000743c00000|  0%| F|  |TAMS 0x0000000743a00000, 0x0000000743a00000| Untracked 
|   3|0x0000000743c00000, 0x0000000743c00000, 0x0000000743e00000|  0%| F|  |TAMS 0x0000000743c00000, 0x0000000743c00000| Untracked 
|   4|0x0000000743e00000, 0x0000000743e00000, 0x0000000744000000|  0%| F|  |TAMS 0x0000000743e00000, 0x0000000743e00000| Untracked 
|   5|0x0000000744000000, 0x0000000744000000, 0x0000000744200000|  0%| F|  |TAMS 0x0000000744000000, 0x0000000744000000| Untracked 
|   6|0x0000000744200000, 0x0000000744200000, 0x0000000744400000|  0%| F|  |TAMS 0x0000000744200000, 0x0000000744200000| Untracked 
|   7|0x0000000744400000, 0x0000000744400000, 0x0000000744600000|  0%| F|  |TAMS 0x0000000744400000, 0x0000000744400000| Untracked 
|   8|0x0000000744600000, 0x0000000744600000, 0x0000000744800000|  0%| F|  |TAMS 0x0000000744600000, 0x0000000744600000| Untracked 
|   9|0x0000000744800000, 0x0000000744800000, 0x0000000744a00000|  0%| F|  |TAMS 0x0000000744800000, 0x0000000744800000| Untracked 
|  10|0x0000000744a00000, 0x0000000744a00000, 0x0000000744c00000|  0%| F|  |TAMS 0x0000000744a00000, 0x0000000744a00000| Untracked 
|  11|0x0000000744c00000, 0x0000000744c00000, 0x0000000744e00000|  0%| F|  |TAMS 0x0000000744c00000, 0x0000000744c00000| Untracked 
|  12|0x0000000744e00000, 0x0000000744e00000, 0x0000000745000000|  0%| F|  |TAMS 0x0000000744e00000, 0x0000000744e00000| Untracked 
|  13|0x0000000745000000, 0x0000000745000000, 0x0000000745200000|  0%| F|  |TAMS 0x0000000745000000, 0x0000000745000000| Untracked 
|  14|0x0000000745200000, 0x0000000745200000, 0x0000000745400000|  0%| F|  |TAMS 0x0000000745200000, 0x0000000745200000| Untracked 
|  15|0x0000000745400000, 0x0000000745400000, 0x0000000745600000|  0%| F|  |TAMS 0x0000000745400000, 0x0000000745400000| Untracked 
|  16|0x0000000745600000, 0x0000000745600000, 0x0000000745800000|  0%| F|  |TAMS 0x0000000745600000, 0x0000000745600000| Untracked 
|  17|0x0000000745800000, 0x0000000745800000, 0x0000000745a00000|  0%| F|  |TAMS 0x0000000745800000, 0x0000000745800000| Untracked 
|  18|0x0000000745a00000, 0x0000000745a00000, 0x0000000745c00000|  0%| F|  |TAMS 0x0000000745a00000, 0x0000000745a00000| Untracked 
|  19|0x0000000745c00000, 0x0000000745c00000, 0x0000000745e00000|  0%| F|  |TAMS 0x0000000745c00000, 0x0000000745c00000| Untracked 
|  20|0x0000000745e00000, 0x0000000745e00000, 0x0000000746000000|  0%| F|  |TAMS 0x0000000745e00000, 0x0000000745e00000| Untracked 
|  21|0x0000000746000000, 0x0000000746000000, 0x0000000746200000|  0%| F|  |TAMS 0x0000000746000000, 0x0000000746000000| Untracked 
|  22|0x0000000746200000, 0x0000000746200000, 0x0000000746400000|  0%| F|  |TAMS 0x0000000746200000, 0x0000000746200000| Untracked 
|  23|0x0000000746400000, 0x0000000746400000, 0x0000000746600000|  0%| F|  |TAMS 0x0000000746400000, 0x0000000746400000| Untracked 
|  24|0x0000000746600000, 0x0000000746600000, 0x0000000746800000|  0%| F|  |TAMS 0x0000000746600000, 0x0000000746600000| Untracked 
|  25|0x0000000746800000, 0x0000000746800000, 0x0000000746a00000|  0%| F|  |TAMS 0x0000000746800000, 0x0000000746800000| Untracked 
|  26|0x0000000746a00000, 0x0000000746a00000, 0x0000000746c00000|  0%| F|  |TAMS 0x0000000746a00000, 0x0000000746a00000| Untracked 
|  27|0x0000000746c00000, 0x0000000746c00000, 0x0000000746e00000|  0%| F|  |TAMS 0x0000000746c00000, 0x0000000746c00000| Untracked 
|  28|0x0000000746e00000, 0x0000000746e00000, 0x0000000747000000|  0%| F|  |TAMS 0x0000000746e00000, 0x0000000746e00000| Untracked 
|  29|0x0000000747000000, 0x0000000747000000, 0x0000000747200000|  0%| F|  |TAMS 0x0000000747000000, 0x0000000747000000| Untracked 
|  30|0x0000000747200000, 0x0000000747200000, 0x0000000747400000|  0%| F|  |TAMS 0x0000000747200000, 0x0000000747200000| Untracked 
|  31|0x0000000747400000, 0x0000000747400000, 0x0000000747600000|  0%| F|  |TAMS 0x0000000747400000, 0x0000000747400000| Untracked 
|  32|0x0000000747600000, 0x0000000747600000, 0x0000000747800000|  0%| F|  |TAMS 0x0000000747600000, 0x0000000747600000| Untracked 
|  33|0x0000000747800000, 0x0000000747800000, 0x0000000747a00000|  0%| F|  |TAMS 0x0000000747800000, 0x0000000747800000| Untracked 
|  34|0x0000000747a00000, 0x0000000747a00000, 0x0000000747c00000|  0%| F|  |TAMS 0x0000000747a00000, 0x0000000747a00000| Untracked 
|  35|0x0000000747c00000, 0x0000000747c00000, 0x0000000747e00000|  0%| F|  |TAMS 0x0000000747c00000, 0x0000000747c00000| Untracked 
|  36|0x0000000747e00000, 0x0000000747e00000, 0x0000000748000000|  0%| F|  |TAMS 0x0000000747e00000, 0x0000000747e00000| Untracked 
|  37|0x0000000748000000, 0x0000000748000000, 0x0000000748200000|  0%| F|  |TAMS 0x0000000748000000, 0x0000000748000000| Untracked 
|  38|0x0000000748200000, 0x0000000748200000, 0x0000000748400000|  0%| F|  |TAMS 0x0000000748200000, 0x0000000748200000| Untracked 
|  39|0x0000000748400000, 0x0000000748400000, 0x0000000748600000|  0%| F|  |TAMS 0x0000000748400000, 0x0000000748400000| Untracked 
|  40|0x0000000748600000, 0x0000000748600000, 0x0000000748800000|  0%| F|  |TAMS 0x0000000748600000, 0x0000000748600000| Untracked 
|  41|0x0000000748800000, 0x0000000748800000, 0x0000000748a00000|  0%| F|  |TAMS 0x0000000748800000, 0x0000000748800000| Untracked 
|  42|0x0000000748a00000, 0x0000000748a00000, 0x0000000748c00000|  0%| F|  |TAMS 0x0000000748a00000, 0x0000000748a00000| Untracked 
|  43|0x0000000748c00000, 0x0000000748c00000, 0x0000000748e00000|  0%| F|  |TAMS 0x0000000748c00000, 0x0000000748c00000| Untracked 
|  44|0x0000000748e00000, 0x0000000748e00000, 0x0000000749000000|  0%| F|  |TAMS 0x0000000748e00000, 0x0000000748e00000| Untracked 
|  45|0x0000000749000000, 0x0000000749000000, 0x0000000749200000|  0%| F|  |TAMS 0x0000000749000000, 0x0000000749000000| Untracked 
|  46|0x0000000749200000, 0x0000000749200000, 0x0000000749400000|  0%| F|  |TAMS 0x0000000749200000, 0x0000000749200000| Untracked 
|  47|0x0000000749400000, 0x0000000749400000, 0x0000000749600000|  0%| F|  |TAMS 0x0000000749400000, 0x0000000749400000| Untracked 
|  48|0x0000000749600000, 0x0000000749600000, 0x0000000749800000|  0%| F|  |TAMS 0x0000000749600000, 0x0000000749600000| Untracked 
|  49|0x0000000749800000, 0x0000000749800000, 0x0000000749a00000|  0%| F|  |TAMS 0x0000000749800000, 0x0000000749800000| Untracked 
|  50|0x0000000749a00000, 0x0000000749a00000, 0x0000000749c00000|  0%| F|  |TAMS 0x0000000749a00000, 0x0000000749a00000| Untracked 
|  51|0x0000000749c00000, 0x0000000749c00000, 0x0000000749e00000|  0%| F|  |TAMS 0x0000000749c00000, 0x0000000749c00000| Untracked 
|  52|0x0000000749e00000, 0x0000000749e00000, 0x000000074a000000|  0%| F|  |TAMS 0x0000000749e00000, 0x0000000749e00000| Untracked 
|  53|0x000000074a000000, 0x000000074a000000, 0x000000074a200000|  0%| F|  |TAMS 0x000000074a000000, 0x000000074a000000| Untracked 
|  54|0x000000074a200000, 0x000000074a200000, 0x000000074a400000|  0%| F|  |TAMS 0x000000074a200000, 0x000000074a200000| Untracked 
|  55|0x000000074a400000, 0x000000074a400000, 0x000000074a600000|  0%| F|  |TAMS 0x000000074a400000, 0x000000074a400000| Untracked 
|  56|0x000000074a600000, 0x000000074a600000, 0x000000074a800000|  0%| F|  |TAMS 0x000000074a600000, 0x000000074a600000| Untracked 
|  57|0x000000074a800000, 0x000000074a800000, 0x000000074aa00000|  0%| F|  |TAMS 0x000000074a800000, 0x000000074a800000| Untracked 
|  58|0x000000074aa00000, 0x000000074aa00000, 0x000000074ac00000|  0%| F|  |TAMS 0x000000074aa00000, 0x000000074aa00000| Untracked 
|  59|0x000000074ac00000, 0x000000074ac00000, 0x000000074ae00000|  0%| F|  |TAMS 0x000000074ac00000, 0x000000074ac00000| Untracked 
|  60|0x000000074ae00000, 0x000000074ae00000, 0x000000074b000000|  0%| F|  |TAMS 0x000000074ae00000, 0x000000074ae00000| Untracked 
|  61|0x000000074b000000, 0x000000074b000000, 0x000000074b200000|  0%| F|  |TAMS 0x000000074b000000, 0x000000074b000000| Untracked 
|  62|0x000000074b200000, 0x000000074b200000, 0x000000074b400000|  0%| F|  |TAMS 0x000000074b200000, 0x000000074b200000| Untracked 
|  63|0x000000074b400000, 0x000000074b400000, 0x000000074b600000|  0%| F|  |TAMS 0x000000074b400000, 0x000000074b400000| Untracked 
|  64|0x000000074b600000, 0x000000074b600000, 0x000000074b800000|  0%| F|  |TAMS 0x000000074b600000, 0x000000074b600000| Untracked 
|  65|0x000000074b800000, 0x000000074b800000, 0x000000074ba00000|  0%| F|  |TAMS 0x000000074b800000, 0x000000074b800000| Untracked 
|  66|0x000000074ba00000, 0x000000074ba00000, 0x000000074bc00000|  0%| F|  |TAMS 0x000000074ba00000, 0x000000074ba00000| Untracked 
|  67|0x000000074bc00000, 0x000000074bc00000, 0x000000074be00000|  0%| F|  |TAMS 0x000000074bc00000, 0x000000074bc00000| Untracked 
|  68|0x000000074be00000, 0x000000074be00000, 0x000000074c000000|  0%| F|  |TAMS 0x000000074be00000, 0x000000074be00000| Untracked 
|  69|0x000000074c000000, 0x000000074c000000, 0x000000074c200000|  0%| F|  |TAMS 0x000000074c000000, 0x000000074c000000| Untracked 
|  70|0x000000074c200000, 0x000000074c200000, 0x000000074c400000|  0%| F|  |TAMS 0x000000074c200000, 0x000000074c200000| Untracked 
|  71|0x000000074c400000, 0x000000074c400000, 0x000000074c600000|  0%| F|  |TAMS 0x000000074c400000, 0x000000074c400000| Untracked 
|  72|0x000000074c600000, 0x000000074c600000, 0x000000074c800000|  0%| F|  |TAMS 0x000000074c600000, 0x000000074c600000| Untracked 
|  73|0x000000074c800000, 0x000000074c800000, 0x000000074ca00000|  0%| F|  |TAMS 0x000000074c800000, 0x000000074c800000| Untracked 
|  74|0x000000074ca00000, 0x000000074ca00000, 0x000000074cc00000|  0%| F|  |TAMS 0x000000074ca00000, 0x000000074ca00000| Untracked 
|  75|0x000000074cc00000, 0x000000074cc00000, 0x000000074ce00000|  0%| F|  |TAMS 0x000000074cc00000, 0x000000074cc00000| Untracked 
|  76|0x000000074ce00000, 0x000000074ce00000, 0x000000074d000000|  0%| F|  |TAMS 0x000000074ce00000, 0x000000074ce00000| Untracked 
|  77|0x000000074d000000, 0x000000074d000000, 0x000000074d200000|  0%| F|  |TAMS 0x000000074d000000, 0x000000074d000000| Untracked 
|  78|0x000000074d200000, 0x000000074d200000, 0x000000074d400000|  0%| F|  |TAMS 0x000000074d200000, 0x000000074d200000| Untracked 
|  79|0x000000074d400000, 0x000000074d400000, 0x000000074d600000|  0%| F|  |TAMS 0x000000074d400000, 0x000000074d400000| Untracked 
|  80|0x000000074d600000, 0x000000074d600000, 0x000000074d800000|  0%| F|  |TAMS 0x000000074d600000, 0x000000074d600000| Untracked 
|  81|0x000000074d800000, 0x000000074d800000, 0x000000074da00000|  0%| F|  |TAMS 0x000000074d800000, 0x000000074d800000| Untracked 
|  82|0x000000074da00000, 0x000000074dc00000, 0x000000074dc00000|100%| S|CS|TAMS 0x000000074da00000, 0x000000074da00000| Complete 
|  83|0x000000074dc00000, 0x000000074de00000, 0x000000074de00000|100%| S|CS|TAMS 0x000000074dc00000, 0x000000074dc00000| Complete 
|  84|0x000000074de00000, 0x000000074de00000, 0x000000074e000000|  0%| F|  |TAMS 0x000000074de00000, 0x000000074de00000| Untracked 
|  85|0x000000074e000000, 0x000000074e000000, 0x000000074e200000|  0%| F|  |TAMS 0x000000074e000000, 0x000000074e000000| Untracked 
|  86|0x000000074e200000, 0x000000074e200000, 0x000000074e400000|  0%| F|  |TAMS 0x000000074e200000, 0x000000074e200000| Untracked 
|  87|0x000000074e400000, 0x000000074e400000, 0x000000074e600000|  0%| F|  |TAMS 0x000000074e400000, 0x000000074e400000| Untracked 
|  88|0x000000074e600000, 0x000000074e600000, 0x000000074e800000|  0%| F|  |TAMS 0x000000074e600000, 0x000000074e600000| Untracked 
|  89|0x000000074e800000, 0x000000074e873d90, 0x000000074ea00000| 22%| E|  |TAMS 0x000000074e800000, 0x000000074e800000| Complete 
|  90|0x000000074ea00000, 0x000000074ec00000, 0x000000074ec00000|100%| E|CS|TAMS 0x000000074ea00000, 0x000000074ea00000| Complete 
|  91|0x000000074ec00000, 0x000000074ee00000, 0x000000074ee00000|100%| E|CS|TAMS 0x000000074ec00000, 0x000000074ec00000| Complete 
|  92|0x000000074ee00000, 0x000000074f000000, 0x000000074f000000|100%| E|CS|TAMS 0x000000074ee00000, 0x000000074ee00000| Complete 
|  93|0x000000074f000000, 0x000000074f200000, 0x000000074f200000|100%| E|CS|TAMS 0x000000074f000000, 0x000000074f000000| Complete 
|  94|0x000000074f200000, 0x000000074f400000, 0x000000074f400000|100%| E|CS|TAMS 0x000000074f200000, 0x000000074f200000| Complete 

Card table byte_map: [0x0000018fb9a00000,0x0000018fb9ff0000] _byte_map_base: 0x0000018fb5fe5000

Marking Bits (Prev, Next): (CMBitMap*) 0x0000018fb36c9a00, (CMBitMap*) 0x0000018fb36c9a40
 Prev Bits: [0x0000018fba5e0000, 0x0000018fbd508000)
 Next Bits: [0x0000018fbd510000, 0x0000018fc0438000)

Polling page: 0x0000018fb1610000

Metaspace:

Usage:
  Non-class:     12.35 MB used.
      Class:      1.70 MB used.
       Both:     14.05 MB used.

Virtual space:
  Non-class space:       16.00 MB reserved,      12.44 MB ( 78%) committed,  2 nodes.
      Class space:        1.00 GB reserved,       1.81 MB ( <1%) committed,  1 nodes.
             Both:        1.02 GB reserved,      14.25 MB (  1%) committed. 

Chunk freelists:
   Non-Class:  2.67 MB
       Class:  2.10 MB
        Both:  4.77 MB

MaxMetaspaceSize: unlimited
CompressedClassSpaceSize: 1.00 GB
Initial GC threshold: 21.00 MB
Current GC threshold: 21.00 MB
CDS: off
MetaspaceReclaimPolicy: balanced
 - commit_granule_bytes: 65536.
 - commit_granule_words: 8192.
 - virtual_space_node_default_size: 1048576.
 - enlarge_chunks_in_place: 1.
 - new_chunks_are_fully_committed: 0.
 - uncommit_free_chunks: 1.
 - use_allocation_guard: 0.
 - handle_deallocations: 1.


Internal statistics:

num_allocs_failed_limit: 0.
num_arena_births: 114.
num_arena_deaths: 0.
num_vsnodes_births: 3.
num_vsnodes_deaths: 0.
num_space_committed: 228.
num_space_uncommitted: 0.
num_chunks_returned_to_freelist: 0.
num_chunks_taken_from_freelist: 345.
num_chunk_merges: 0.
num_chunk_splits: 223.
num_chunks_enlarged: 171.
num_purges: 0.
num_inconsistent_stats: 0.

CodeCache: size=49152Kb used=3502Kb max_used=3960Kb free=45649Kb
 bounds [0x0000018fb6300000, 0x0000018fb6700000, 0x0000018fb9300000]
 total_blobs=1690 nmethods=1257 adapters=360
 compilation: enabled
              stopped_count=0, restarted_count=0
 full_count=0

Compilation events (20 events):
Event: 31.967 Thread 0x0000018fc40362e0 nmethod 1242 0x0000018fb65dad90 code [0x0000018fb65daf20, 0x0000018fb65dafe8]
Event: 31.967 Thread 0x0000018fc40362e0 1249       1       org.springframework.boot.context.properties.source.PropertyMapper$$Lambda$73/0x00000008001c2f38::test (12 bytes)
Event: 31.968 Thread 0x0000018fc40362e0 nmethod 1249 0x0000018fb65da790 code [0x0000018fb65da940, 0x0000018fb65dab98]
Event: 31.969 Thread 0x0000018fc40362e0 1248       1       org.springframework.core.ResolvableType::toClass (7 bytes)
Event: 31.969 Thread 0x0000018fc3826420 nmethod 1252 0x0000018fb65d9610 code [0x0000018fb65d9860, 0x0000018fb65da338]
Event: 31.969 Thread 0x0000018fc3826420 1250       1       java.util.Collections$SingletonSet::iterator (8 bytes)
Event: 31.969 Thread 0x0000018fc40362e0 nmethod 1248 0x0000018fb65d9310 code [0x0000018fb65d94a0, 0x0000018fb65d9578]
Event: 31.969 Thread 0x0000018fc40362e0 1251       1       org.springframework.core.convert.support.GenericConversionService::addConverter (13 bytes)
Event: 31.969 Thread 0x0000018fc3826420 nmethod 1250 0x0000018fb65d8f90 code [0x0000018fb65d9120, 0x0000018fb65d9298]
Event: 31.969 Thread 0x0000018fc3826420 1253       1       org.springframework.core.convert.support.GenericConversionService$Converters$$Lambda$64/0x000000080012e030::apply (8 bytes)
Event: 31.969 Thread 0x0000018fc40362e0 nmethod 1251 0x0000018fb65d8b90 code [0x0000018fb65d8d40, 0x0000018fb65d8e58]
Event: 31.969 Thread 0x0000018fc40362e0 1254       1       org.springframework.core.convert.support.GenericConversionService$Converters::lambda$getMatchableConverters$0 (9 bytes)
Event: 31.969 Thread 0x0000018fc3826420 nmethod 1253 0x0000018fb65d8710 code [0x0000018fb65d88a0, 0x0000018fb65d8ab8]
Event: 31.969 Thread 0x0000018fc3826420 1255       1       org.springframework.core.ResolvableType::forClass (9 bytes)
Event: 31.970 Thread 0x0000018fc40362e0 nmethod 1254 0x0000018fb65d8310 code [0x0000018fb65d84a0, 0x0000018fb65d8658]
Event: 31.970 Thread 0x0000018fc3826420 nmethod 1255 0x0000018fb65d7f90 code [0x0000018fb65d8120, 0x0000018fb65d8248]
Event: 32.133 Thread 0x0000018fc3826420 1256       1       java.lang.invoke.DirectMethodHandle::preparedLambdaForm (244 bytes)
Event: 32.133 Thread 0x0000018fc40362e0 1257       1       jdk.internal.org.objectweb.asm.MethodVisitor::visitVarInsn (17 bytes)
Event: 32.134 Thread 0x0000018fc40362e0 nmethod 1257 0x0000018fb65d7c90 code [0x0000018fb65d7e20, 0x0000018fb65d7f08]
Event: 32.134 Thread 0x0000018fc3826420 nmethod 1256 0x0000018fb65d6f90 code [0x0000018fb65d71e0, 0x0000018fb65d7778]

GC Heap History (2 events):
Event: 24.854 GC heap before
{Heap before GC invocations=0 (full 0):
 garbage-first heap   total 194560K, used 20480K [0x0000000743600000, 0x0000000800000000)
  region size 2048K, 11 young (22528K), 0 survivors (0K)
 Metaspace       used 10814K, committed 11008K, reserved 1064960K
  class space    used 1241K, committed 1344K, reserved 1048576K
}
Event: 24.859 GC heap after
{Heap after GC invocations=1 (full 0):
 garbage-first heap   total 194560K, used 5562K [0x0000000743600000, 0x0000000800000000)
  region size 2048K, 2 young (4096K), 2 survivors (4096K)
 Metaspace       used 10814K, committed 11008K, reserved 1064960K
  class space    used 1241K, committed 1344K, reserved 1048576K
}

Deoptimization events (2 events):
Event: 25.116 Thread 0x0000018fb3684d50 DEOPT PACKING pc=0x0000018fb66ea801 sp=0x00000036aa1fd670
Event: 25.116 Thread 0x0000018fb3684d50 DEOPT UNPACKING pc=0x0000018fb6356763 sp=0x00000036aa1fcae0 mode 3

Classes unloaded (0 events):
No events

Classes redefined (0 events):
No events

Internal exceptions (20 events):
Event: 24.853 Thread 0x0000018fb3684d50 Exception <a 'java/lang/NoSuchMethodError'{0x000000074dffec30}: 'java.lang.Object java.lang.invoke.Invokers$Holder.invokeExact_MT(java.lang.Object, java.lang.Object, java.lang.Object, java.lang.Object, java.lang.Object, java.lang.Object)'> (0x000000074dffec30) 
thrown [e:\jenkins\tmp\workspace\build\src\src\hotspot\share\interpreter\linkResolver.cpp, line 766]
Event: 25.118 Thread 0x0000018fb3684d50 Exception <a 'java/lang/NoSuchMethodError'{0x000000074f2bcfd0}: 'int java.lang.invoke.DirectMethodHandle$Holder.invokeStaticInit(java.lang.Object, java.lang.Object, java.lang.Object)'> (0x000000074f2bcfd0) 
thrown [e:\jenkins\tmp\workspace\build\src\src\hotspot\share\interpreter\linkResolver.cpp, line 766]
Event: 25.122 Thread 0x0000018fb3684d50 Exception <a 'java/lang/NoSuchMethodError'{0x000000074f2e4ee0}: 'java.lang.Object java.lang.invoke.DirectMethodHandle$Holder.invokeVirtual(java.lang.Object, java.lang.Object, java.lang.Object)'> (0x000000074f2e4ee0) 
thrown [e:\jenkins\tmp\workspace\build\src\src\hotspot\share\interpreter\linkResolver.cpp, line 766]
Event: 25.181 Thread 0x0000018fb3684d50 Exception <a 'java/lang/NoSuchMethodError'{0x000000074f311bb0}: 'java.lang.Object java.lang.invoke.DirectMethodHandle$Holder.newInvokeSpecial(java.lang.Object, java.lang.Object, java.lang.Object, java.lang.Object, java.lang.Object)'> (0x000000074f311bb0) 
thrown [e:\jenkins\tmp\workspace\build\src\src\hotspot\share\interpreter\linkResolver.cpp, line 766]
Event: 25.414 Thread 0x0000018fb3684d50 Exception <a 'java/lang/NoSuchMethodError'{0x000000074f3d8ff8}: 'void java.lang.invoke.DirectMethodHandle$Holder.invokeStatic(java.lang.Object, java.lang.Object, java.lang.Object)'> (0x000000074f3d8ff8) 
thrown [e:\jenkins\tmp\workspace\build\src\src\hotspot\share\interpreter\linkResolver.cpp, line 766]
Event: 28.253 Thread 0x0000018fb3684d50 Exception <a 'java/lang/NoSuchMethodError'{0x000000074ef56030}: 'int java.lang.invoke.DirectMethodHandle$Holder.invokeSpecial(java.lang.Object, java.lang.Object, java.lang.Object)'> (0x000000074ef56030) 
thrown [e:\jenkins\tmp\workspace\build\src\src\hotspot\share\interpreter\linkResolver.cpp, line 766]
Event: 28.292 Thread 0x0000018fb3684d50 Exception <a 'java/lang/NoSuchMethodError'{0x000000074ef994c0}: 'int java.lang.invoke.DirectMethodHandle$Holder.invokeSpecial(java.lang.Object, java.lang.Object, java.lang.Object, java.lang.Object)'> (0x000000074ef994c0) 
thrown [e:\jenkins\tmp\workspace\build\src\src\hotspot\share\interpreter\linkResolver.cpp, line 766]
Event: 28.398 Thread 0x0000018fb3684d50 Exception <a 'java/lang/NoSuchMethodError'{0x000000074ec61208}: 'void java.lang.invoke.DirectMethodHandle$Holder.invokeSpecial(java.lang.Object, java.lang.Object, java.lang.Object)'> (0x000000074ec61208) 
thrown [e:\jenkins\tmp\workspace\build\src\src\hotspot\share\interpreter\linkResolver.cpp, line 766]
Event: 28.651 Thread 0x0000018fb3684d50 Exception <a 'java/lang/NoSuchMethodError'{0x000000074ed62cd0}: 'java.lang.Object java.lang.invoke.DirectMethodHandle$Holder.invokeSpecial(java.lang.Object, java.lang.Object, java.lang.Object, java.lang.Object, java.lang.Object, java.lang.Object, int)'> (0x000000074ed62cd0) 
thrown [e:\jenkins\tmp\workspace\build\src\src\hotspot\share\interpreter\linkResolver.cpp, line 766]
Event: 28.652 Thread 0x0000018fb3684d50 Exception <a 'java/lang/NoSuchMethodError'{0x000000074ed6cf80}: 'java.lang.Object java.lang.invoke.DirectMethodHandle$Holder.newInvokeSpecial(java.lang.Object, java.lang.Object, java.lang.Object, java.lang.Object, java.lang.Object, java.lang.Object, int)'> (0x000000074ed6cf80) 
thrown [e:\jenkins\tmp\workspace\build\src\src\hotspot\share\interpreter\linkResolver.cpp, line 766]
Event: 28.652 Thread 0x0000018fb3684d50 Exception <a 'java/lang/NoSuchMethodError'{0x000000074ed71d18}: 'java.lang.Object java.lang.invoke.DirectMethodHandle$Holder.invokeSpecial(java.lang.Object, java.lang.Object, java.lang.Object, java.lang.Object, java.lang.Object, java.lang.Object, java.lang.Object, int)'> (0x000000074ed71d18) 
thrown [e:\jenkins\tmp\workspace\build\src\src\hotspot\share\interpreter\linkResolver.cpp, line 766]
Event: 28.658 Thread 0x0000018fb3684d50 Exception <a 'java/lang/NoSuchMethodError'{0x000000074edbc750}: 'java.lang.Object java.lang.invoke.DirectMethodHandle$Holder.newInvokeSpecial(java.lang.Object, java.lang.Object, int, java.lang.Object)'> (0x000000074edbc750) 
thrown [e:\jenkins\tmp\workspace\build\src\src\hotspot\share\interpreter\linkResolver.cpp, line 766]
Event: 28.659 Thread 0x0000018fb3684d50 Exception <a 'java/lang/NoSuchMethodError'{0x000000074edc0b30}: 'java.lang.Object java.lang.invoke.DirectMethodHandle$Holder.invokeSpecial(java.lang.Object, java.lang.Object, java.lang.Object, int, java.lang.Object)'> (0x000000074edc0b30) 
thrown [e:\jenkins\tmp\workspace\build\src\src\hotspot\share\interpreter\linkResolver.cpp, line 766]
Event: 28.663 Thread 0x0000018fb3684d50 Exception <a 'java/lang/NoSuchMethodError'{0x000000074edfc3d8}: 'java.lang.Object java.lang.invoke.DirectMethodHandle$Holder.newInvokeSpecial(java.lang.Object, java.lang.Object, java.lang.Object, java.lang.Object, java.lang.Object, java.lang.Object)'> (0x000000074edfc3d8) 
thrown [e:\jenkins\tmp\workspace\build\src\src\hotspot\share\interpreter\linkResolver.cpp, line 766]
Event: 28.788 Thread 0x0000018fb3684d50 Exception <a 'java/lang/NoSuchMethodError'{0x000000074ea3e828}: 'void java.lang.invoke.DirectMethodHandle$Holder.invokeStatic(java.lang.Object, java.lang.Object, java.lang.Object, java.lang.Object)'> (0x000000074ea3e828) 
thrown [e:\jenkins\tmp\workspace\build\src\src\hotspot\share\interpreter\linkResolver.cpp, line 766]
Event: 28.862 Thread 0x0000018fb3684d50 Exception <a 'java/lang/NoSuchMethodError'{0x000000074ea92e60}: 'void java.lang.invoke.DirectMethodHandle$Holder.invokeStatic(java.lang.Object, java.lang.Object)'> (0x000000074ea92e60) 
thrown [e:\jenkins\tmp\workspace\build\src\src\hotspot\share\interpreter\linkResolver.cpp, line 766]
Event: 28.862 Thread 0x0000018fb3684d50 Exception <a 'java/lang/NoSuchMethodError'{0x000000074ea963b8}: 'void java.lang.invoke.DirectMethodHandle$Holder.invokeStaticInit(java.lang.Object, java.lang.Object)'> (0x000000074ea963b8) 
thrown [e:\jenkins\tmp\workspace\build\src\src\hotspot\share\interpreter\linkResolver.cpp, line 766]
Event: 28.940 Thread 0x0000018fb3684d50 Exception <a 'java/lang/NoSuchMethodError'{0x000000074eaae048}: 'java.lang.Object java.lang.invoke.DirectMethodHandle$Holder.invokeStaticInit(java.lang.Object)'> (0x000000074eaae048) 
thrown [e:\jenkins\tmp\workspace\build\src\src\hotspot\share\interpreter\linkResolver.cpp, line 766]
Event: 31.962 Thread 0x0000018fb3684d50 Exception <a 'java/lang/NoSuchMethodError'{0x000000074eb8fe30}: 'void java.lang.invoke.DirectMethodHandle$Holder.invokeSpecial(java.lang.Object, java.lang.Object, java.lang.Object, java.lang.Object, java.lang.Object)'> (0x000000074eb8fe30) 
thrown [e:\jenkins\tmp\workspace\build\src\src\hotspot\share\interpreter\linkResolver.cpp, line 766]
Event: 31.969 Thread 0x0000018fc3e23b70 Exception <a 'java/lang/NoClassDefFoundError'{0x000000074ebd7e88}: javax/validation/Validation> (0x000000074ebd7e88) 
thrown [e:\jenkins\tmp\workspace\build\src\src\hotspot\share\classfile\systemDictionary.cpp, line 245]

VM Operations (20 events):
Event: 22.632 Executing VM operation: Cleanup
Event: 22.633 Executing VM operation: Cleanup done
Event: 23.286 Executing VM operation: HandshakeAllThreads
Event: 23.286 Executing VM operation: HandshakeAllThreads done
Event: 24.286 Executing VM operation: Cleanup
Event: 24.286 Executing VM operation: Cleanup done
Event: 24.854 Executing VM operation: G1CollectForAllocation
Event: 24.859 Executing VM operation: G1CollectForAllocation done
Event: 25.861 Executing VM operation: Cleanup
Event: 25.876 Executing VM operation: Cleanup done
Event: 26.103 Executing VM operation: HandshakeAllThreads
Event: 26.103 Executing VM operation: HandshakeAllThreads done
Event: 27.106 Executing VM operation: Cleanup
Event: 27.106 Executing VM operation: Cleanup done
Event: 28.111 Executing VM operation: Cleanup
Event: 28.112 Executing VM operation: Cleanup done
Event: 28.685 Executing VM operation: HandshakeAllThreads
Event: 28.685 Executing VM operation: HandshakeAllThreads done
Event: 29.691 Executing VM operation: Cleanup
Event: 29.722 Executing VM operation: Cleanup done

Events (20 events):
Event: 31.778 loading class java/lang/invoke/VarHandle$AccessDescriptor done
Event: 31.779 loading class java/util/concurrent/ThreadLocalRandom
Event: 31.823 loading class java/util/concurrent/ThreadLocalRandom done
Event: 31.823 loading class jdk/internal/util/random/RandomSupport
Event: 31.865 loading class jdk/internal/util/random/RandomSupport done
Event: 31.865 loading class java/lang/invoke/VarHandleLongs$FieldInstanceReadWrite
Event: 31.909 loading class java/lang/invoke/VarHandleLongs$FieldInstanceReadOnly
Event: 31.910 loading class java/lang/invoke/VarHandleLongs$FieldInstanceReadOnly done
Event: 31.910 loading class java/lang/invoke/VarHandleLongs$FieldInstanceReadWrite done
Event: 31.910 loading class java/util/concurrent/atomic/Striped64$1
Event: 31.910 loading class java/util/concurrent/atomic/Striped64$1 done
Event: 31.910 loading class java/net/InetAddress$CachedLocalHost
Event: 31.910 loading class java/net/InetAddress$CachedLocalHost done
Event: 31.959 loading class java/util/logging/Logger$SystemLoggerHelper
Event: 31.959 loading class java/util/logging/Logger$SystemLoggerHelper done
Event: 31.959 loading class java/util/logging/Logger$SystemLoggerHelper$1
Event: 31.959 loading class java/util/logging/Logger$SystemLoggerHelper$1 done
Event: 31.959 loading class jdk/internal/logger/DefaultLoggerFinder$1
Event: 31.959 loading class jdk/internal/logger/DefaultLoggerFinder$1 done
Event: 31.965 Thread 0x0000018fc3e23b70 Thread added: 0x0000018fc3e23b70


Dynamic libraries:
0x00007ff640f30000 - 0x00007ff640f3e000 	c:\Users\Aur\.vscode\extensions\redhat.java-1.4.0\jre\17.0.2-win32-x86_64\bin\java.exe
0x00007ffcf3f00000 - 0x00007ffcf4109000 	C:\WINDOWS\SYSTEM32\ntdll.dll
0x00007ffcf3540000 - 0x00007ffcf35fd000 	C:\WINDOWS\System32\KERNEL32.DLL
0x00007ffcf13f0000 - 0x00007ffcf1764000 	C:\WINDOWS\System32\KERNELBASE.dll
0x00007ffcee6a0000 - 0x00007ffcee731000 	C:\WINDOWS\SYSTEM32\apphelp.dll
0x00007ffcf1890000 - 0x00007ffcf19a1000 	C:\WINDOWS\System32\ucrtbase.dll
0x00007ffce22f0000 - 0x00007ffce2308000 	c:\Users\Aur\.vscode\extensions\redhat.java-1.4.0\jre\17.0.2-win32-x86_64\bin\jli.dll
0x00007ffce22d0000 - 0x00007ffce22e9000 	c:\Users\Aur\.vscode\extensions\redhat.java-1.4.0\jre\17.0.2-win32-x86_64\bin\VCRUNTIME140.dll
0x00007ffcf3660000 - 0x00007ffcf380c000 	C:\WINDOWS\System32\USER32.dll
0x00007ffcf1cb0000 - 0x00007ffcf1cd6000 	C:\WINDOWS\System32\win32u.dll
0x00007ffce0e10000 - 0x00007ffce10b5000 	C:\WINDOWS\WinSxS\amd64_microsoft.windows.common-controls_6595b64144ccf1df_6.0.22000.120_none_9d947278b86cc467\COMCTL32.dll
0x00007ffcf3c20000 - 0x00007ffcf3c49000 	C:\WINDOWS\System32\GDI32.dll
0x00007ffcf25c0000 - 0x00007ffcf2663000 	C:\WINDOWS\System32\msvcrt.dll
0x00007ffcf1b20000 - 0x00007ffcf1c32000 	C:\WINDOWS\System32\gdi32full.dll
0x00007ffcf17f0000 - 0x00007ffcf188d000 	C:\WINDOWS\System32\msvcp_win.dll
0x00007ffcf3500000 - 0x00007ffcf3531000 	C:\WINDOWS\System32\IMM32.DLL
0x00007ffce2580000 - 0x00007ffce258c000 	c:\Users\Aur\.vscode\extensions\redhat.java-1.4.0\jre\17.0.2-win32-x86_64\bin\vcruntime140_1.dll
0x00007ffcdf4c0000 - 0x00007ffcdf551000 	c:\Users\Aur\.vscode\extensions\redhat.java-1.4.0\jre\17.0.2-win32-x86_64\bin\msvcp140.dll
0x00007ffc23ea0000 - 0x00007ffc24ae7000 	c:\Users\Aur\.vscode\extensions\redhat.java-1.4.0\jre\17.0.2-win32-x86_64\bin\server\jvm.dll
0x00007ffcf39e0000 - 0x00007ffcf3a8e000 	C:\WINDOWS\System32\ADVAPI32.dll
0x00007ffcf3820000 - 0x00007ffcf38be000 	C:\WINDOWS\System32\sechost.dll
0x00007ffcf2780000 - 0x00007ffcf28a0000 	C:\WINDOWS\System32\RPCRT4.dll
0x00007ffcf3810000 - 0x00007ffcf3818000 	C:\WINDOWS\System32\PSAPI.DLL
0x00007ffcebce0000 - 0x00007ffcebd13000 	C:\WINDOWS\SYSTEM32\WINMM.dll
0x00007ffcebf00000 - 0x00007ffcebf09000 	C:\WINDOWS\SYSTEM32\WSOCK32.dll
0x00007ffcebcd0000 - 0x00007ffcebcda000 	C:\WINDOWS\SYSTEM32\VERSION.dll
0x00007ffcf2d10000 - 0x00007ffcf2d7f000 	C:\WINDOWS\System32\WS2_32.dll
0x00007ffcf05e0000 - 0x00007ffcf05f8000 	C:\WINDOWS\SYSTEM32\kernel.appcore.dll
0x00007ffce22c0000 - 0x00007ffce22ca000 	c:\Users\Aur\.vscode\extensions\redhat.java-1.4.0\jre\17.0.2-win32-x86_64\bin\jimage.dll
0x00007ffcef1b0000 - 0x00007ffcef3d1000 	C:\WINDOWS\SYSTEM32\DBGHELP.DLL
0x00007ffcd40c0000 - 0x00007ffcd40f1000 	C:\WINDOWS\SYSTEM32\dbgcore.DLL
0x00007ffcf1770000 - 0x00007ffcf17ef000 	C:\WINDOWS\System32\bcryptPrimitives.dll
0x00007ffcdf490000 - 0x00007ffcdf4b5000 	c:\Users\Aur\.vscode\extensions\redhat.java-1.4.0\jre\17.0.2-win32-x86_64\bin\java.dll
0x00007ffcdf470000 - 0x00007ffcdf488000 	c:\Users\Aur\.vscode\extensions\redhat.java-1.4.0\jre\17.0.2-win32-x86_64\bin\zip.dll
0x00007ffcf1da0000 - 0x00007ffcf254e000 	C:\WINDOWS\System32\SHELL32.dll
0x00007ffcef560000 - 0x00007ffcefdc8000 	C:\WINDOWS\SYSTEM32\windows.storage.dll
0x00007ffcf3180000 - 0x00007ffcf34f8000 	C:\WINDOWS\System32\combase.dll
0x00007ffcef3f0000 - 0x00007ffcef556000 	C:\WINDOWS\SYSTEM32\wintypes.dll
0x00007ffcf2f20000 - 0x00007ffcf300a000 	C:\WINDOWS\System32\SHCORE.dll
0x00007ffcf3600000 - 0x00007ffcf365d000 	C:\WINDOWS\System32\shlwapi.dll
0x00007ffcf1320000 - 0x00007ffcf1341000 	C:\WINDOWS\SYSTEM32\profapi.dll
0x00007ffcdf450000 - 0x00007ffcdf469000 	C:\Users\Aur\.vscode\extensions\redhat.java-1.4.0\jre\17.0.2-win32-x86_64\bin\net.dll
0x00007ffceb7c0000 - 0x00007ffceb8cc000 	C:\WINDOWS\SYSTEM32\WINHTTP.dll
0x00007ffcf0a10000 - 0x00007ffcf0a77000 	C:\WINDOWS\system32\mswsock.dll
0x00007ffcdf430000 - 0x00007ffcdf445000 	C:\Users\Aur\.vscode\extensions\redhat.java-1.4.0\jre\17.0.2-win32-x86_64\bin\nio.dll
0x00007ffce22b0000 - 0x00007ffce22c0000 	c:\Users\Aur\.vscode\extensions\redhat.java-1.4.0\jre\17.0.2-win32-x86_64\bin\verify.dll
0x00007ffce3e60000 - 0x00007ffce3e69000 	C:\Users\Aur\.vscode\extensions\redhat.java-1.4.0\jre\17.0.2-win32-x86_64\bin\management.dll
0x00007ffce3e50000 - 0x00007ffce3e5b000 	C:\Users\Aur\.vscode\extensions\redhat.java-1.4.0\jre\17.0.2-win32-x86_64\bin\management_ext.dll
0x00007ffcb6260000 - 0x00007ffcb6277000 	C:\WINDOWS\system32\napinsp.dll
0x00007ffcb5c40000 - 0x00007ffcb5c5b000 	C:\WINDOWS\system32\pnrpnsp.dll
0x00007ffcf0100000 - 0x00007ffcf01e7000 	C:\WINDOWS\SYSTEM32\DNSAPI.dll
0x00007ffcf0090000 - 0x00007ffcf00bd000 	C:\WINDOWS\SYSTEM32\IPHLPAPI.DLL
0x00007ffcf2670000 - 0x00007ffcf2679000 	C:\WINDOWS\System32\NSI.dll
0x00007ffcb4e50000 - 0x00007ffcb4e62000 	C:\WINDOWS\System32\winrnr.dll
0x00007ffcc1b00000 - 0x00007ffcc1b15000 	C:\WINDOWS\system32\wshbth.dll
0x00007ffcb4da0000 - 0x00007ffcb4dbf000 	C:\WINDOWS\system32\nlansp_c.dll
0x00007ffcdd1d0000 - 0x00007ffcdd1da000 	C:\Windows\System32\rasadhlp.dll
0x00007ffce9870000 - 0x00007ffce98f1000 	C:\WINDOWS\System32\fwpuclnt.dll

dbghelp: loaded successfully - version: 4.0.5 - missing functions: none
symbol engine: initialized successfully - sym options: 0x614 - pdb path: .;c:\Users\Aur\.vscode\extensions\redhat.java-1.4.0\jre\17.0.2-win32-x86_64\bin;C:\WINDOWS\SYSTEM32;C:\WINDOWS\WinSxS\amd64_microsoft.windows.common-controls_6595b64144ccf1df_6.0.22000.120_none_9d947278b86cc467;c:\Users\Aur\.vscode\extensions\redhat.java-1.4.0\jre\17.0.2-win32-x86_64\bin\server

VM Arguments:
jvm_args: -Dsts.lsp.client=vscode -Dsts.log.file=/dev/null -XX:TieredStopAtLevel=1 -Dspring.config.location=file:c:\Users\Aur\.vscode\extensions\pivotal.vscode-spring-boot-1.32.0\language-server\BOOT-INF\classes\application.properties 
java_command: org.springframework.ide.vscode.boot.app.BootLanguageServerBootApp
java_class_path (initial): c:\Users\Aur\.vscode\extensions\pivotal.vscode-spring-boot-1.32.0\language-server\BOOT-INF\classes;c:\Users\Aur\.vscode\extensions\pivotal.vscode-spring-boot-1.32.0\language-server\BOOT-INF\lib\antlr4-runtime-4.5.3.jar;c:\Users\Aur\.vscode\extensions\pivotal.vscode-spring-boot-1.32.0\language-server\BOOT-INF\lib\byte-buddy-1.10.18.jar;c:\Users\Aur\.vscode\extensions\pivotal.vscode-spring-boot-1.32.0\language-server\BOOT-INF\lib\commons-codec-1.14.jar;c:\Users\Aur\.vscode\extensions\pivotal.vscode-spring-boot-1.32.0\language-server\BOOT-INF\lib\commons-io-2.4.jar;c:\Users\Aur\.vscode\extensions\pivotal.vscode-spring-boot-1.32.0\language-server\BOOT-INF\lib\commons-java-1.32.0-SNAPSHOT.jar;c:\Users\Aur\.vscode\extensions\pivotal.vscode-spring-boot-1.32.0\language-server\BOOT-INF\lib\commons-lang3-3.10.jar;c:\Users\Aur\.vscode\extensions\pivotal.vscode-spring-boot-1.32.0\language-server\BOOT-INF\lib\commons-language-server-1.32.0-SNAPSHOT.jar;c:\Users\Aur\.vscode\extensions\pivotal.vscode-spring-boot-1.32.0\language-server\BOOT-INF\lib\commons-lsp-extensions-1.32.0-SNAPSHOT.jar;c:\Users\Aur\.vscode\extensions\pivotal.vscode-spring-boot-1.32.0\language-server\BOOT-INF\lib\commons-util-1.32.0-SNAPSHOT.jar;c:\Users\Aur\.vscode\extensions\pivotal.vscode-spring-boot-1.32.0\language-server\BOOT-INF\lib\commons-yaml-1.32.0-SNAPSHOT.jar;c:\Users\Aur\.vscode\extensions\pivotal.vscode-spring-boot-1.32.0\language-server\BOOT-INF\lib\gson-2.8.6.jar;c:\Users\Aur\.vscode\extensions\pivotal.vscode-spring-boot-1.32.0\language-server\BOOT-INF\lib\guava-19.0.jar;c:\Users\Aur\.vscode\extensions\pivotal.vscode-spring-boot-1.32.0\language-server\BOOT-INF\lib\jakarta.annotation-api-1.3.5.jar;c:\Users\Aur\.vscode\extensions\pivotal.vscode-spring-boot-1.32.0\language-server\BOOT-INF\lib\jandex-2.0.5.Final.jar;c:\Users\Aur\.vscode\extensions\pivotal.vscode-spring-boot-1.32.0\language-server\BOOT-INF\lib\java-properties-1.32.0-SNAPSHOT.jar;c:\Users\Aur\.vscode\exten
Launcher Type: SUN_STANDARD

[Global flags]
     intx CICompilerCount                          = 4                                         {product} {ergonomic}
     uint ConcGCThreads                            = 2                                         {product} {ergonomic}
     uint G1ConcRefinementThreads                  = 8                                         {product} {ergonomic}
   size_t G1HeapRegionSize                         = 2097152                                   {product} {ergonomic}
    uintx GCDrainStackTargetSize                   = 64                                        {product} {ergonomic}
   size_t InitialHeapSize                          = 199229440                                 {product} {ergonomic}
   size_t MarkStackSize                            = 4194304                                   {product} {ergonomic}
   size_t MaxHeapSize                              = 3164602368                                {product} {ergonomic}
   size_t MaxNewSize                               = 1897922560                                {product} {ergonomic}
   size_t MinHeapDeltaBytes                        = 2097152                                   {product} {ergonomic}
   size_t MinHeapSize                              = 8388608                                   {product} {ergonomic}
    uintx NonProfiledCodeHeapSize                  = 0                                      {pd product} {ergonomic}
     bool ProfileInterpreter                       = false                                  {pd product} {command line}
    uintx ProfiledCodeHeapSize                     = 0                                      {pd product} {ergonomic}
   size_t SoftMaxHeapSize                          = 3164602368                             {manageable} {ergonomic}
     intx TieredStopAtLevel                        = 1                                         {product} {command line}
     bool UseCompressedClassPointers               = true                           {product lp64_product} {ergonomic}
     bool UseCompressedOops                        = true                           {product lp64_product} {ergonomic}
     bool UseG1GC                                  = true                                      {product} {ergonomic}
     bool UseLargePagesIndividualAllocation        = false                                  {pd product} {ergonomic}

Logging:
Log output configuration:
 #0: stdout all=warning uptime,level,tags
 #1: stderr all=off uptime,level,tags

Environment Variables:
JAVA_HOME=C:\Program Files\Java\jdk1.8.0_311
PATH=C:\Windows\system32;C:\Windows;C:\Windows\System32\Wbem;C:\Windows\System32\WindowsPowerShell\v1.0\;C:\Windows\System32\OpenSSH\;C:\Program Files (x86)\NVIDIA Corporation\PhysX\Common;C:\WINDOWS\system32;C:\WINDOWS;C:\WINDOWS\System32\Wbem;C:\WINDOWS\System32\WindowsPowerShell\v1.0\;C:\WINDOWS\System32\OpenSSH\;C:\Program Files\Cloudflare\Cloudflare WARP;C:\Program Files\Microsoft SQL Server\150\Tools\Binn\;C:\Program Files\Microsoft SQL Server\Client SDK\ODBC\170\Tools\Binn\;C:\Program Files\dotnet\;C:\Program Files (x86)\Microsoft SQL Server\150\Tools\Binn\;C:\Program Files\Microsoft SQL Server\150\DTS\Binn\;C:\Program Files (x86)\Microsoft SQL Server\150\DTS\Binn\;C:\Program Files\Azure Data Studio\bin;C:\Program Files\Java\jdk1.8.0_311\bin;C:\Program Files\apache-tomcat-10.0.16\bin;C:\Program Files\NVIDIA Corporation\NVIDIA NvDLISR;C:\Users\Aur\AppData\Local\Android\Sdk\platform-tools;C:\Users\Aur\.dotnet\tools;C:\Program Files\Java\jdk-17.0.2\bin;C:\Users\Aur\AppData\Local\Programs\Microsoft VS Code\bin;C:\Users\Aur\.dotnet\tools;
USERNAME=Aur
OS=Windows_NT
PROCESSOR_IDENTIFIER=Intel64 Family 6 Model 126 Stepping 5, GenuineIntel



---------------  S Y S T E M  ---------------

OS:
 Windows 11 , 64 bit Build 22000 (10.0.22000.434)
OS uptime: 7 days 16:09 hours

CPU: total 8 (initial active 8) (4 cores per cpu, 2 threads per core) family 6 model 126 stepping 5 microcode 0x86, cx8, cmov, fxsr, ht, mmx, 3dnowpref, sse, sse2, sse3, ssse3, sse4.1, sse4.2, popcnt, lzcnt, tsc, tscinvbit, avx, avx2, aes, erms, clmul, bmi1, bmi2, adx, avx512f, avx512dq, avx512cd, avx512bw, avx512vl, sha, fma, vzeroupper, avx512_vpopcntdq, avx512_vpclmulqdq, avx512_vaes, avx512_vnni, clflush, clflushopt, avx512_vbmi2, avx512_vbmi

Memory: 4k page, system-wide physical 12065M (437M free)
TotalPageFile size 48929M (AvailPageFile size 0M)
current process WorkingSet (physical memory assigned to process): 76M, peak: 76M
current process commit charge ("private bytes"): 281M, peak: 281M

vm_info: OpenJDK 64-Bit Server VM (17.0.2+8) for windows-amd64 JRE (17.0.2+8), built on Jan 20 2022 04:52:34 by "" with MS VC++ 16.7 (VS2019)

END.
